2025.04.28 18:03:36 INFO  Started: Metals version 1.5.2 in folders '/home/lxt/ysyx-workbench/npc/chisel/cpu/src' for client Visual Studio Code 1.96.2.
2025.04.28 18:03:36 INFO  no build target found for /home/lxt/ysyx-workbench/npc/chisel/cpu/src/main/scala/wbu/WBU.scala. Using presentation compiler with project's scala-library version: 3.3.5
2025.04.28 18:03:36 WARN  scala-cli >= 0.1.3 not found in PATH, fetching and starting a JVM-based Scala CLI
2025.04.28 18:03:37 INFO  no build target found for /home/lxt/ysyx-workbench/npc/chisel/cpu/src/main/scala/wbu/WBU.scala. Using presentation compiler with project's scala-library version: 3.3.5
2025.04.28 18:03:45 INFO  no build target found for /home/lxt/ysyx-workbench/npc/chisel/cpu/src/main/scala/wbu/WBU.scala. Using presentation compiler with project's scala-library version: 3.3.5
2025.04.28 18:03:52 INFO  no build target found for /home/lxt/ysyx-workbench/npc/chisel/cpu/src/main/scala/wbu/WBU.scala. Using presentation compiler with project's scala-library version: 3.3.5
Apr 28, 2025 6:03:52 PM org.eclipse.lsp4j.jsonrpc.RemoteEndpoint handleCancellation
WARNING: Unmatched cancel notification for request id 19
2025.04.28 18:03:52 INFO  no build target found for /home/lxt/ysyx-workbench/npc/chisel/cpu/src/main/scala/wbu/WBU.scala. Using presentation compiler with project's scala-library version: 3.3.5
Apr 28, 2025 6:03:52 PM org.eclipse.lsp4j.jsonrpc.RemoteEndpoint handleCancellation
WARNING: Unmatched cancel notification for request id 22
2025.04.28 18:03:52 INFO  no build target found for /home/lxt/ysyx-workbench/npc/chisel/cpu/src/main/scala/wbu/WBU.scala. Using presentation compiler with project's scala-library version: 3.3.5
2025.04.28 18:03:52 INFO  no build target found for /home/lxt/ysyx-workbench/npc/chisel/cpu/src/main/scala/wbu/WBU.scala. Using presentation compiler with project's scala-library version: 3.3.5
2025.04.28 18:03:52 INFO  no build target found for /home/lxt/ysyx-workbench/npc/chisel/cpu/src/main/scala/wbu/WBU.scala. Using presentation compiler with project's scala-library version: 3.3.5
Apr 28, 2025 6:03:52 PM org.eclipse.lsp4j.jsonrpc.RemoteEndpoint handleCancellation
WARNING: Unmatched cancel notification for request id 25
Apr 28, 2025 6:03:52 PM org.eclipse.lsp4j.jsonrpc.RemoteEndpoint handleCancellation
WARNING: Unmatched cancel notification for request id 29
2025.04.28 18:03:52 INFO  no build target found for /home/lxt/ysyx-workbench/npc/chisel/cpu/src/main/scala/wbu/WBU.scala. Using presentation compiler with project's scala-library version: 3.3.5
2025.04.28 18:03:52 INFO  no build target found for /home/lxt/ysyx-workbench/npc/chisel/cpu/src/main/scala/wbu/WBU.scala. Using presentation compiler with project's scala-library version: 3.3.5
2025.04.28 18:03:52 INFO  no build target found for /home/lxt/ysyx-workbench/npc/chisel/cpu/src/main/scala/wbu/WBU.scala. Using presentation compiler with project's scala-library version: 3.3.5
2025.04.28 18:03:52 INFO  no build target found for /home/lxt/ysyx-workbench/npc/chisel/cpu/src/main/scala/wbu/WBU.scala. Using presentation compiler with project's scala-library version: 3.3.5
Apr 28, 2025 6:03:52 PM org.eclipse.lsp4j.jsonrpc.RemoteEndpoint handleCancellation
WARNING: Unmatched cancel notification for request id 32
2025.04.28 18:03:52 INFO  no build target found for /home/lxt/ysyx-workbench/npc/chisel/cpu/src/main/scala/wbu/WBU.scala. Using presentation compiler with project's scala-library version: 3.3.5
2025.04.28 18:03:52 INFO  no build target found for /home/lxt/ysyx-workbench/npc/chisel/cpu/src/main/scala/wbu/WBU.scala. Using presentation compiler with project's scala-library version: 3.3.5
2025.04.28 18:03:52 INFO  no build target found for /home/lxt/ysyx-workbench/npc/chisel/cpu/src/main/scala/wbu/WBU.scala. Using presentation compiler with project's scala-library version: 3.3.5
Apr 28, 2025 6:03:52 PM org.eclipse.lsp4j.jsonrpc.RemoteEndpoint handleCancellation
WARNING: Unmatched cancel notification for request id 37
2025.04.28 18:03:52 INFO  no build target found for /home/lxt/ysyx-workbench/npc/chisel/cpu/src/main/scala/wbu/WBU.scala. Using presentation compiler with project's scala-library version: 3.3.5
2025.04.28 18:03:52 INFO  no build target found for /home/lxt/ysyx-workbench/npc/chisel/cpu/src/main/scala/wbu/WBU.scala. Using presentation compiler with project's scala-library version: 3.3.5
Apr 28, 2025 6:03:52 PM org.eclipse.lsp4j.jsonrpc.RemoteEndpoint handleCancellation
WARNING: Unmatched cancel notification for request id 43
2025.04.28 18:03:52 INFO  no build target found for /home/lxt/ysyx-workbench/npc/chisel/cpu/src/main/scala/wbu/WBU.scala. Using presentation compiler with project's scala-library version: 3.3.5
2025.04.28 18:03:52 INFO  no build target found for /home/lxt/ysyx-workbench/npc/chisel/cpu/src/main/scala/wbu/WBU.scala. Using presentation compiler with project's scala-library version: 3.3.5
2025.04.28 18:03:52 INFO  no build target found for /home/lxt/ysyx-workbench/npc/chisel/cpu/src/main/scala/wbu/WBU.scala. Using presentation compiler with project's scala-library version: 3.3.5
2025.04.28 18:03:52 INFO  no build target found for /home/lxt/ysyx-workbench/npc/chisel/cpu/src/main/scala/wbu/WBU.scala. Using presentation compiler with project's scala-library version: 3.3.5
2025.04.28 18:03:52 INFO  no build target found for /home/lxt/ysyx-workbench/npc/chisel/cpu/src/main/scala/wbu/WBU.scala. Using presentation compiler with project's scala-library version: 3.3.5
2025.04.28 18:03:52 INFO  no build target found for /home/lxt/ysyx-workbench/npc/chisel/cpu/src/main/scala/wbu/WBU.scala. Using presentation compiler with project's scala-library version: 3.3.5
2025.04.28 18:03:59 INFO  no build target found for /home/lxt/ysyx-workbench/npc/chisel/cpu/src/main/scala/wbu/WBU.scala. Using presentation compiler with project's scala-library version: 3.3.5
2025.04.28 18:03:59 INFO  no build target found for /home/lxt/ysyx-workbench/npc/chisel/cpu/src/main/scala/wbu/WBU.scala. Using presentation compiler with project's scala-library version: 3.3.5
2025.04.28 18:03:59 INFO  no build target found for /home/lxt/ysyx-workbench/npc/chisel/cpu/src/main/scala/wbu/WBU.scala. Using presentation compiler with project's scala-library version: 3.3.5
2025.04.28 18:03:59 INFO  no build target found for /home/lxt/ysyx-workbench/npc/chisel/cpu/src/main/scala/wbu/WBU.scala. Using presentation compiler with project's scala-library version: 3.3.5
2025.04.28 18:03:59 INFO  no build target found for /home/lxt/ysyx-workbench/npc/chisel/cpu/src/main/scala/wbu/WBU.scala. Using presentation compiler with project's scala-library version: 3.3.5
2025.04.28 18:04:01 INFO  no build target found for /home/lxt/ysyx-workbench/npc/chisel/cpu/src/main/scala/wbu/WBU.scala. Using presentation compiler with project's scala-library version: 3.3.5
2025.04.28 18:04:01 INFO  no build target found for /home/lxt/ysyx-workbench/npc/chisel/cpu/src/main/scala/wbu/WBU.scala. Using presentation compiler with project's scala-library version: 3.3.5
2025.04.28 18:04:01 INFO  no build target found for /home/lxt/ysyx-workbench/npc/chisel/cpu/src/main/scala/wbu/WBU.scala. Using presentation compiler with project's scala-library version: 3.3.5
2025.04.28 18:04:01 INFO  no build target found for /home/lxt/ysyx-workbench/npc/chisel/cpu/src/main/scala/wbu/WBU.scala. Using presentation compiler with project's scala-library version: 3.3.5
2025.04.28 18:04:01 INFO  no build target found for /home/lxt/ysyx-workbench/npc/chisel/cpu/src/main/scala/wbu/WBU.scala. Using presentation compiler with project's scala-library version: 3.3.5
2025.04.28 18:04:01 INFO  no build target found for /home/lxt/ysyx-workbench/npc/chisel/cpu/src/main/scala/wbu/WBU.scala. Using presentation compiler with project's scala-library version: 3.3.5
2025.04.28 18:04:01 INFO  no build target found for /home/lxt/ysyx-workbench/npc/chisel/cpu/src/main/scala/wbu/WBU.scala. Using presentation compiler with project's scala-library version: 3.3.5
2025.04.28 18:04:01 INFO  no build target found for /home/lxt/ysyx-workbench/npc/chisel/cpu/src/main/scala/wbu/WBU.scala. Using presentation compiler with project's scala-library version: 3.3.5
2025.04.28 18:04:02 INFO  no build target found for /home/lxt/ysyx-workbench/npc/chisel/cpu/src/main/scala/wbu/WBU.scala. Using presentation compiler with project's scala-library version: 3.3.5
2025.04.28 18:04:01 INFO  no build target found for /home/lxt/ysyx-workbench/npc/chisel/cpu/src/main/scala/wbu/WBU.scala. Using presentation compiler with project's scala-library version: 3.3.5
2025.04.28 18:04:02 INFO  no build target found for /home/lxt/ysyx-workbench/npc/chisel/cpu/src/main/scala/wbu/WBU.scala. Using presentation compiler with project's scala-library version: 3.3.5
2025.04.28 18:04:02 INFO  no build target found for /home/lxt/ysyx-workbench/npc/chisel/cpu/src/main/scala/wbu/WBU.scala. Using presentation compiler with project's scala-library version: 3.3.5
2025.04.28 18:04:02 INFO  no build target found for /home/lxt/ysyx-workbench/npc/chisel/cpu/src/main/scala/wbu/WBU.scala. Using presentation compiler with project's scala-library version: 3.3.5
2025.04.28 18:04:02 INFO  no build target found for /home/lxt/ysyx-workbench/npc/chisel/cpu/src/main/scala/wbu/WBU.scala. Using presentation compiler with project's scala-library version: 3.3.5
2025.04.28 18:04:02 INFO  no build target found for /home/lxt/ysyx-workbench/npc/chisel/cpu/src/main/scala/wbu/WBU.scala. Using presentation compiler with project's scala-library version: 3.3.5
2025.04.28 18:04:02 INFO  no build target found for /home/lxt/ysyx-workbench/npc/chisel/cpu/src/main/scala/wbu/WBU.scala. Using presentation compiler with project's scala-library version: 3.3.5
2025.04.28 18:04:02 INFO  no build target found for /home/lxt/ysyx-workbench/npc/chisel/cpu/src/main/scala/wbu/WBU.scala. Using presentation compiler with project's scala-library version: 3.3.5
2025.04.28 18:04:02 INFO  no build target found for /home/lxt/ysyx-workbench/npc/chisel/cpu/src/main/scala/wbu/WBU.scala. Using presentation compiler with project's scala-library version: 3.3.5
2025.04.28 18:04:02 INFO  no build target found for /home/lxt/ysyx-workbench/npc/chisel/cpu/src/main/scala/wbu/WBU.scala. Using presentation compiler with project's scala-library version: 3.3.5
2025.04.28 18:04:02 INFO  no build target found for /home/lxt/ysyx-workbench/npc/chisel/cpu/src/main/scala/wbu/WBU.scala. Using presentation compiler with project's scala-library version: 3.3.5
2025.04.28 18:04:02 INFO  no build target found for /home/lxt/ysyx-workbench/npc/chisel/cpu/src/main/scala/wbu/WBU.scala. Using presentation compiler with project's scala-library version: 3.3.5
2025.04.28 18:04:02 INFO  no build target found for /home/lxt/ysyx-workbench/npc/chisel/cpu/src/main/scala/wbu/WBU.scala. Using presentation compiler with project's scala-library version: 3.3.5
2025.04.28 18:04:02 INFO  no build target found for /home/lxt/ysyx-workbench/npc/chisel/cpu/src/main/scala/wbu/WBU.scala. Using presentation compiler with project's scala-library version: 3.3.5
2025.04.28 18:04:02 INFO  no build target found for /home/lxt/ysyx-workbench/npc/chisel/cpu/src/main/scala/wbu/WBU.scala. Using presentation compiler with project's scala-library version: 3.3.5
2025.04.28 18:04:02 INFO  no build target found for /home/lxt/ysyx-workbench/npc/chisel/cpu/src/main/scala/wbu/WBU.scala. Using presentation compiler with project's scala-library version: 3.3.5
2025.04.28 18:04:03 INFO  no build target found for /home/lxt/ysyx-workbench/npc/chisel/cpu/src/main/scala/wbu/WBU.scala. Using presentation compiler with project's scala-library version: 3.3.5
2025.04.28 18:04:03 INFO  no build target found for /home/lxt/ysyx-workbench/npc/chisel/cpu/src/main/scala/wbu/WBU.scala. Using presentation compiler with project's scala-library version: 3.3.5
2025.04.28 18:04:03 INFO  no build target found for /home/lxt/ysyx-workbench/npc/chisel/cpu/src/main/scala/wbu/WBU.scala. Using presentation compiler with project's scala-library version: 3.3.5
2025.04.28 18:04:02 INFO  no build target found for /home/lxt/ysyx-workbench/npc/chisel/cpu/src/main/scala/wbu/WBU.scala. Using presentation compiler with project's scala-library version: 3.3.5
2025.04.28 18:04:03 INFO  no build target found for /home/lxt/ysyx-workbench/npc/chisel/cpu/src/main/scala/wbu/WBU.scala. Using presentation compiler with project's scala-library version: 3.3.5
2025.04.28 18:04:04 INFO  no build target found for /home/lxt/ysyx-workbench/npc/chisel/cpu/src/main/scala/wbu/WBU.scala. Using presentation compiler with project's scala-library version: 3.3.5
2025.04.28 18:04:04 INFO  no build target found for /home/lxt/ysyx-workbench/npc/chisel/cpu/src/main/scala/wbu/WBU.scala. Using presentation compiler with project's scala-library version: 3.3.5
2025.04.28 18:04:04 INFO  no build target found for /home/lxt/ysyx-workbench/npc/chisel/cpu/src/main/scala/wbu/WBU.scala. Using presentation compiler with project's scala-library version: 3.3.5
2025.04.28 18:04:04 INFO  no build target found for /home/lxt/ysyx-workbench/npc/chisel/cpu/src/main/scala/wbu/WBU.scala. Using presentation compiler with project's scala-library version: 3.3.5
2025.04.28 18:04:04 INFO  no build target found for /home/lxt/ysyx-workbench/npc/chisel/cpu/src/main/scala/wbu/WBU.scala. Using presentation compiler with project's scala-library version: 3.3.5
2025.04.28 18:04:04 INFO  no build target found for /home/lxt/ysyx-workbench/npc/chisel/cpu/src/main/scala/wbu/WBU.scala. Using presentation compiler with project's scala-library version: 3.3.5
2025.04.28 18:04:04 INFO  no build target found for /home/lxt/ysyx-workbench/npc/chisel/cpu/src/main/scala/wbu/WBU.scala. Using presentation compiler with project's scala-library version: 3.3.5
2025.04.28 18:04:04 INFO  no build target found for /home/lxt/ysyx-workbench/npc/chisel/cpu/src/main/scala/wbu/WBU.scala. Using presentation compiler with project's scala-library version: 3.3.5
2025.04.28 18:04:05 INFO  no build target found for /home/lxt/ysyx-workbench/npc/chisel/cpu/src/main/scala/wbu/WBU.scala. Using presentation compiler with project's scala-library version: 3.3.5
2025.04.28 18:04:05 INFO  no build target found for /home/lxt/ysyx-workbench/npc/chisel/cpu/src/main/scala/wbu/WBU.scala. Using presentation compiler with project's scala-library version: 3.3.5
2025.04.28 18:04:05 INFO  no build target found for /home/lxt/ysyx-workbench/npc/chisel/cpu/src/main/scala/wbu/WBU.scala. Using presentation compiler with project's scala-library version: 3.3.5
2025.04.28 18:04:05 INFO  no build target found for /home/lxt/ysyx-workbench/npc/chisel/cpu/src/main/scala/wbu/WBU.scala. Using presentation compiler with project's scala-library version: 3.3.5
2025.04.28 18:04:06 INFO  no build target found for /home/lxt/ysyx-workbench/npc/chisel/cpu/src/main/scala/wbu/WBU.scala. Using presentation compiler with project's scala-library version: 3.3.5
2025.04.28 18:04:06 INFO  no build target found for /home/lxt/ysyx-workbench/npc/chisel/cpu/src/main/scala/wbu/WBU.scala. Using presentation compiler with project's scala-library version: 3.3.5
2025.04.28 18:04:06 INFO  no build target found for /home/lxt/ysyx-workbench/npc/chisel/cpu/src/main/scala/wbu/WBU.scala. Using presentation compiler with project's scala-library version: 3.3.5
2025.04.28 18:04:06 INFO  no build target found for /home/lxt/ysyx-workbench/npc/chisel/cpu/src/main/scala/wbu/WBU.scala. Using presentation compiler with project's scala-library version: 3.3.5
2025.04.28 18:04:06 INFO  no build target found for /home/lxt/ysyx-workbench/npc/chisel/cpu/src/main/scala/wbu/WBU.scala. Using presentation compiler with project's scala-library version: 3.3.5
2025.04.28 18:04:07 INFO  no build target found for /home/lxt/ysyx-workbench/npc/chisel/cpu/src/main/scala/wbu/WBU.scala. Using presentation compiler with project's scala-library version: 3.3.5
2025.04.28 18:04:06 INFO  no build target found for /home/lxt/ysyx-workbench/npc/chisel/cpu/src/main/scala/wbu/WBU.scala. Using presentation compiler with project's scala-library version: 3.3.5
2025.04.28 18:04:06 INFO  no build target found for /home/lxt/ysyx-workbench/npc/chisel/cpu/src/main/scala/wbu/WBU.scala. Using presentation compiler with project's scala-library version: 3.3.5
2025.04.28 18:04:07 INFO  no build target found for /home/lxt/ysyx-workbench/npc/chisel/cpu/src/main/scala/wbu/WBU.scala. Using presentation compiler with project's scala-library version: 3.3.5
2025.04.28 18:04:06 INFO  no build target found for /home/lxt/ysyx-workbench/npc/chisel/cpu/src/main/scala/wbu/WBU.scala. Using presentation compiler with project's scala-library version: 3.3.5
2025.04.28 18:04:06 INFO  no build target found for /home/lxt/ysyx-workbench/npc/chisel/cpu/src/main/scala/wbu/WBU.scala. Using presentation compiler with project's scala-library version: 3.3.5
2025.04.28 18:04:06 INFO  no build target found for /home/lxt/ysyx-workbench/npc/chisel/cpu/src/main/scala/wbu/WBU.scala. Using presentation compiler with project's scala-library version: 3.3.5
2025.04.28 18:04:07 INFO  no build target found for /home/lxt/ysyx-workbench/npc/chisel/cpu/src/main/scala/wbu/WBU.scala. Using presentation compiler with project's scala-library version: 3.3.5
2025.04.28 18:04:07 INFO  no build target found for /home/lxt/ysyx-workbench/npc/chisel/cpu/src/main/scala/wbu/WBU.scala. Using presentation compiler with project's scala-library version: 3.3.5
2025.04.28 18:04:07 INFO  no build target found for /home/lxt/ysyx-workbench/npc/chisel/cpu/src/main/scala/wbu/WBU.scala. Using presentation compiler with project's scala-library version: 3.3.5
2025.04.28 18:04:07 INFO  no build target found for /home/lxt/ysyx-workbench/npc/chisel/cpu/src/main/scala/wbu/WBU.scala. Using presentation compiler with project's scala-library version: 3.3.5
2025.04.28 18:04:07 INFO  no build target found for /home/lxt/ysyx-workbench/npc/chisel/cpu/src/main/scala/wbu/WBU.scala. Using presentation compiler with project's scala-library version: 3.3.5
2025.04.28 18:04:08 INFO  no build target found for /home/lxt/ysyx-workbench/npc/chisel/cpu/src/main/scala/wbu/WBU.scala. Using presentation compiler with project's scala-library version: 3.3.5
2025.04.28 18:04:07 INFO  no build target found for /home/lxt/ysyx-workbench/npc/chisel/cpu/src/main/scala/wbu/WBU.scala. Using presentation compiler with project's scala-library version: 3.3.5
2025.04.28 18:04:07 INFO  no build target found for /home/lxt/ysyx-workbench/npc/chisel/cpu/src/main/scala/wbu/WBU.scala. Using presentation compiler with project's scala-library version: 3.3.5
2025.04.28 18:04:09 INFO  no build target found for /home/lxt/ysyx-workbench/npc/chisel/cpu/src/main/scala/wbu/WBU.scala. Using presentation compiler with project's scala-library version: 3.3.5
2025.04.28 18:04:09 INFO  no build target found for /home/lxt/ysyx-workbench/npc/chisel/cpu/src/main/scala/wbu/WBU.scala. Using presentation compiler with project's scala-library version: 3.3.5
2025.04.28 18:04:09 INFO  no build target found for /home/lxt/ysyx-workbench/npc/chisel/cpu/src/main/scala/wbu/WBU.scala. Using presentation compiler with project's scala-library version: 3.3.5
2025.04.28 18:04:09 INFO  no build target found for /home/lxt/ysyx-workbench/npc/chisel/cpu/src/main/scala/wbu/WBU.scala. Using presentation compiler with project's scala-library version: 3.3.5
2025.04.28 18:04:09 INFO  no build target found for /home/lxt/ysyx-workbench/npc/chisel/cpu/src/main/scala/wbu/WBU.scala. Using presentation compiler with project's scala-library version: 3.3.5
2025.04.28 18:04:09 INFO  no build target found for /home/lxt/ysyx-workbench/npc/chisel/cpu/src/main/scala/wbu/WBU.scala. Using presentation compiler with project's scala-library version: 3.3.5
2025.04.28 18:04:09 INFO  no build target found for /home/lxt/ysyx-workbench/npc/chisel/cpu/src/main/scala/wbu/WBU.scala. Using presentation compiler with project's scala-library version: 3.3.5
2025.04.28 18:04:09 INFO  no build target found for /home/lxt/ysyx-workbench/npc/chisel/cpu/src/main/scala/wbu/WBU.scala. Using presentation compiler with project's scala-library version: 3.3.5
2025.04.28 18:04:10 INFO  no build target found for /home/lxt/ysyx-workbench/npc/chisel/cpu/src/main/scala/wbu/WBU.scala. Using presentation compiler with project's scala-library version: 3.3.5
2025.04.28 18:04:10 INFO  no build target found for /home/lxt/ysyx-workbench/npc/chisel/cpu/src/main/scala/wbu/WBU.scala. Using presentation compiler with project's scala-library version: 3.3.5
2025.04.28 18:04:10 INFO  no build target found for /home/lxt/ysyx-workbench/npc/chisel/cpu/src/main/scala/wbu/WBU.scala. Using presentation compiler with project's scala-library version: 3.3.5
2025.04.28 18:04:10 INFO  no build target found for /home/lxt/ysyx-workbench/npc/chisel/cpu/src/main/scala/wbu/WBU.scala. Using presentation compiler with project's scala-library version: 3.3.5
2025.04.28 18:04:10 INFO  no build target found for /home/lxt/ysyx-workbench/npc/chisel/cpu/src/main/scala/wbu/WBU.scala. Using presentation compiler with project's scala-library version: 3.3.5
2025.04.28 18:04:10 INFO  no build target found for /home/lxt/ysyx-workbench/npc/chisel/cpu/src/main/scala/wbu/WBU.scala. Using presentation compiler with project's scala-library version: 3.3.5
2025.04.28 18:04:10 INFO  no build target found for /home/lxt/ysyx-workbench/npc/chisel/cpu/src/main/scala/wbu/WBU.scala. Using presentation compiler with project's scala-library version: 3.3.5
2025.04.28 18:04:10 INFO  no build target found for /home/lxt/ysyx-workbench/npc/chisel/cpu/src/main/scala/wbu/WBU.scala. Using presentation compiler with project's scala-library version: 3.3.5
2025.04.28 18:04:10 INFO  no build target found for /home/lxt/ysyx-workbench/npc/chisel/cpu/src/main/scala/wbu/WBU.scala. Using presentation compiler with project's scala-library version: 3.3.5
2025.04.28 18:04:10 INFO  no build target found for /home/lxt/ysyx-workbench/npc/chisel/cpu/src/main/scala/wbu/WBU.scala. Using presentation compiler with project's scala-library version: 3.3.5
2025.04.28 18:04:10 INFO  no build target found for /home/lxt/ysyx-workbench/npc/chisel/cpu/src/main/scala/wbu/WBU.scala. Using presentation compiler with project's scala-library version: 3.3.5
2025.04.28 18:04:11 INFO  no build target found for /home/lxt/ysyx-workbench/npc/chisel/cpu/src/main/scala/wbu/WBU.scala. Using presentation compiler with project's scala-library version: 3.3.5
2025.04.28 18:04:11 INFO  no build target found for /home/lxt/ysyx-workbench/npc/chisel/cpu/src/main/scala/wbu/WBU.scala. Using presentation compiler with project's scala-library version: 3.3.5
2025.04.28 18:04:11 INFO  no build target found for /home/lxt/ysyx-workbench/npc/chisel/cpu/src/main/scala/wbu/WBU.scala. Using presentation compiler with project's scala-library version: 3.3.5
2025.04.28 18:04:11 INFO  no build target found for /home/lxt/ysyx-workbench/npc/chisel/cpu/src/main/scala/wbu/WBU.scala. Using presentation compiler with project's scala-library version: 3.3.5
2025.04.28 18:04:11 INFO  no build target found for /home/lxt/ysyx-workbench/npc/chisel/cpu/src/main/scala/wbu/WBU.scala. Using presentation compiler with project's scala-library version: 3.3.5
2025.04.28 18:04:11 INFO  no build target found for /home/lxt/ysyx-workbench/npc/chisel/cpu/src/main/scala/wbu/WBU.scala. Using presentation compiler with project's scala-library version: 3.3.5
2025.04.28 18:04:11 INFO  no build target found for /home/lxt/ysyx-workbench/npc/chisel/cpu/src/main/scala/wbu/WBU.scala. Using presentation compiler with project's scala-library version: 3.3.5
2025.04.28 18:04:11 INFO  no build target found for /home/lxt/ysyx-workbench/npc/chisel/cpu/src/main/scala/wbu/WBU.scala. Using presentation compiler with project's scala-library version: 3.3.5
2025.04.28 18:04:11 INFO  no build target found for /home/lxt/ysyx-workbench/npc/chisel/cpu/src/main/scala/wbu/WBU.scala. Using presentation compiler with project's scala-library version: 3.3.5
2025.04.28 18:04:11 INFO  no build target found for /home/lxt/ysyx-workbench/npc/chisel/cpu/src/main/scala/wbu/WBU.scala. Using presentation compiler with project's scala-library version: 3.3.5
2025.04.28 18:04:12 INFO  no build target found for /home/lxt/ysyx-workbench/npc/chisel/cpu/src/main/scala/wbu/WBU.scala. Using presentation compiler with project's scala-library version: 3.3.5
2025.04.28 18:04:12 INFO  no build target found for /home/lxt/ysyx-workbench/npc/chisel/cpu/src/main/scala/wbu/WBU.scala. Using presentation compiler with project's scala-library version: 3.3.5
2025.04.28 18:04:12 INFO  no build target found for /home/lxt/ysyx-workbench/npc/chisel/cpu/src/main/scala/wbu/WBU.scala. Using presentation compiler with project's scala-library version: 3.3.5
2025.04.28 18:04:12 INFO  no build target found for /home/lxt/ysyx-workbench/npc/chisel/cpu/src/main/scala/wbu/WBU.scala. Using presentation compiler with project's scala-library version: 3.3.5
2025.04.28 18:04:12 INFO  no build target found for /home/lxt/ysyx-workbench/npc/chisel/cpu/src/main/scala/wbu/WBU.scala. Using presentation compiler with project's scala-library version: 3.3.5
2025.04.28 18:04:13 INFO  no build target found for /home/lxt/ysyx-workbench/npc/chisel/cpu/src/main/scala/wbu/WBU.scala. Using presentation compiler with project's scala-library version: 3.3.5
2025.04.28 18:04:12 INFO  no build target found for /home/lxt/ysyx-workbench/npc/chisel/cpu/src/main/scala/wbu/WBU.scala. Using presentation compiler with project's scala-library version: 3.3.5
2025.04.28 18:04:13 INFO  Running List(/usr/lib/jvm/java-18-openjdk-amd64/bin/java, -cp, /home/lxt/.cache/coursier/v1/https/repo1.maven.org/maven2/org/virtuslab/scala-cli/cli_3/1.7.1/cli_3-1.7.1.jar:/home/lxt/.cache/coursier/v1/https/repo1.maven.org/maven2/com/github/alexarchambault/case-app_3/2.1.0-M30/case-app_3-2.1.0-M30.jar:/home/lxt/.cache/coursier/v1/https/repo1.maven.org/maven2/io/get-coursier/coursier-launcher_2.13/2.1.24/coursier-launcher_2.13-2.1.24.jar:/home/lxt/.cache/coursier/v1/https/repo1.maven.org/maven2/io/get-coursier/coursier-proxy-setup/2.1.24/coursier-proxy-setup-2.1.24.jar:/home/lxt/.cache/coursier/v1/https/repo1.maven.org/maven2/io/get-coursier/publish/publish_2.13/0.2.0/publish_2.13-0.2.0.jar:/home/lxt/.cache/coursier/v1/https/repo1.maven.org/maven2/com/google/jimfs/jimfs/1.3.0/jimfs-1.3.0.jar:/home/lxt/.cache/coursier/v1/https/repo1.maven.org/maven2/io/get-coursier/jniutils/windows-jni-utils/0.3.3/windows-jni-utils-0.3.3.jar:/home/lxt/.cache/coursier/v1/https/repo1.maven.org/maven2/com/github/plokhotnyuk/jsoniter-scala/jsoniter-scala-core_3/2.13.5.2/jsoniter-scala-core_3-2.13.5.2.jar:/home/lxt/.cache/coursier/v1/https/repo1.maven.org/maven2/org/virtuslab/scala-cli/libsodiumjni/0.0.4/libsodiumjni-0.0.4.jar:/home/lxt/.cache/coursier/v1/https/repo1.maven.org/maven2/org/scalameta/metaconfig-typesafe-config_3/0.15.0/metaconfig-typesafe-config_3-0.15.0.jar:/home/lxt/.cache/coursier/v1/https/repo1.maven.org/maven2/ai/kien/python-native-libs_3/0.2.4/python-native-libs_3-0.2.4.jar:/home/lxt/.cache/coursier/v1/https/repo1.maven.org/maven2/org/virtuslab/scala-packager_2.13/0.1.32/scala-packager_2.13-0.1.32.jar:/home/lxt/.cache/coursier/v1/https/repo1.maven.org/maven2/org/virtuslab/scala-cli-signing/cli_3/0.2.6/cli_3-0.2.6.jar:/home/lxt/.cache/coursier/v1/https/repo1.maven.org/maven2/org/slf4j/slf4j-nop/2.0.17/slf4j-nop-2.0.17.jar:/home/lxt/.cache/coursier/v1/https/repo1.maven.org/maven2/com/softwaremill/sttp/client3/core_2.13/3.10.3/core_2.13-3.10.3.jar:/home/lxt/.cache/coursier/v1/https/repo1.maven.org/maven2/ch/epfl/scala/scalafix-interfaces/0.14.2/scalafix-interfaces-0.14.2.jar:/home/lxt/.cache/coursier/v1/https/repo1.maven.org/maven2/org/scala-lang/scala3-library_3/3.3.5/scala3-library_3-3.3.5.jar:/home/lxt/.cache/coursier/v1/https/repo1.maven.org/maven2/org/virtuslab/scala-cli/build-module_3/1.7.1/build-module_3-1.7.1.jar:/home/lxt/.cache/coursier/v1/https/repo1.maven.org/maven2/org/virtuslab/scala-cli/config_3/1.7.1/config_3-1.7.1.jar:/home/lxt/.cache/coursier/v1/https/repo1.maven.org/maven2/org/virtuslab/scala-cli/scala3-graal_3/1.7.1/scala3-graal_3-1.7.1.jar:/home/lxt/.cache/coursier/v1/https/repo1.maven.org/maven2/org/virtuslab/scala-cli/specification-level_3/1.7.1/specification-level_3-1.7.1.jar:/home/lxt/.cache/coursier/v1/https/repo1.maven.org/maven2/com/lihaoyi/sourcecode_3/0.4.2/sourcecode_3-0.4.2.jar:/home/lxt/.cache/coursier/v1/https/repo1.maven.org/maven2/com/github/alexarchambault/case-app-annotations_3/2.1.0-M30/case-app-annotations_3-2.1.0-M30.jar:/home/lxt/.cache/coursier/v1/https/repo1.maven.org/maven2/com/github/alexarchambault/case-app-util_3/2.1.0-M30/case-app-util_3-2.1.0-M30.jar:/home/lxt/.cache/coursier/v1/https/repo1.maven.org/maven2/io/github/alexarchambault/scala-cli/tmp/zip-input-stream/0.1.1/zip-input-stream-0.1.1.jar:/home/lxt/.cache/coursier/v1/https/repo1.maven.org/maven2/org/scala-lang/scala-library/2.13.16/scala-library-2.13.16.jar:/home/lxt/.cache/coursier/v1/https/repo1.maven.org/maven2/io/get-coursier/coursier-cache_2.13/2.1.24/coursier-cache_2.13-2.1.24.jar:/home/lxt/.cache/coursier/v1/https/repo1.maven.org/maven2/io/get-coursier/coursier-core_2.13/2.1.24/coursier-core_2.13-2.1.24.jar:/home/lxt/.cache/coursier/v1/https/repo1.maven.org/maven2/com/google/guava/guava/33.4.0-jre/guava-33.4.0-jre.jar:/home/lxt/.cache/coursier/v1/https/repo1.maven.org/maven2/net/java/dev/jna/jna/5.13.0/jna-5.13.0.jar:/home/lxt/.cache/coursier/v1/https/repo1.maven.org/maven2/net/java/dev/jna/jna-platform/5.12.1/jna-platform-5.12.1.jar:/home/lxt/.cache/coursier/v1/https/repo1.maven.org/maven2/org/scalameta/metaconfig-core_3/0.15.0/metaconfig-core_3-0.15.0.jar:/home/lxt/.cache/coursier/v1/https/repo1.maven.org/maven2/com/typesafe/config/1.4.3/config-1.4.3.jar:/home/lxt/.cache/coursier/v1/https/repo1.maven.org/maven2/org/scala-lang/modules/scala-collection-compat_3/2.13.0/scala-collection-compat_3-2.13.0.jar:/home/lxt/.cache/coursier/v1/https/repo1.maven.org/maven2/commons-io/commons-io/2.18.0/commons-io-2.18.0.jar:/home/lxt/.cache/coursier/v1/https/repo1.maven.org/maven2/com/google/cloud/tools/jib-core/0.27.2/jib-core-0.27.2.jar:/home/lxt/.cache/coursier/v1/https/repo1.maven.org/maven2/org/bouncycastle/bcpg-jdk18on/1.80/bcpg-jdk18on-1.80.jar:/home/lxt/.cache/coursier/v1/https/repo1.maven.org/maven2/org/bouncycastle/bcutil-jdk18on/1.80/bcutil-jdk18on-1.80.jar:/home/lxt/.cache/coursier/v1/https/repo1.maven.org/maven2/org/virtuslab/scala-cli-signing/shared_3/0.2.6/shared_3-0.2.6.jar:/home/lxt/.cache/coursier/v1/https/repo1.maven.org/maven2/org/slf4j/slf4j-api/2.0.17/slf4j-api-2.0.17.jar:/home/lxt/.cache/coursier/v1/https/repo1.maven.org/maven2/com/softwaremill/sttp/model/core_2.13/1.7.11/core_2.13-1.7.11.jar:/home/lxt/.cache/coursier/v1/https/repo1.maven.org/maven2/com/softwaremill/sttp/shared/core_2.13/1.3.22/core_2.13-1.3.22.jar:/home/lxt/.cache/coursier/v1/https/repo1.maven.org/maven2/com/softwaremill/sttp/shared/ws_2.13/1.3.22/ws_2.13-1.3.22.jar:/home/lxt/.cache/coursier/v1/https/repo1.maven.org/maven2/io/get-coursier/interface/1.0.28/interface-1.0.28.jar:/home/lxt/.cache/coursier/v1/https/repo1.maven.org/maven2/org/ow2/asm/asm/9.7.1/asm-9.7.1.jar:/home/lxt/.cache/coursier/v1/https/repo1.maven.org/maven2/org/virtuslab/scala-cli/java-class-name/java-class-name_3/0.1.4/java-class-name_3-0.1.4.jar:/home/lxt/.cache/coursier/v1/https/repo1.maven.org/maven2/org/scalameta/semanticdb-shared_2.13/4.13.4/semanticdb-shared_2.13-4.13.4.jar:/home/lxt/.cache/coursier/v1/https/repo1.maven.org/maven2/org/scala-native/test-runner_3/0.5.7/test-runner_3-0.5.7.jar:/home/lxt/.cache/coursier/v1/https/repo1.maven.org/maven2/com/lihaoyi/os-lib_3/0.11.3/os-lib_3-0.11.3.jar:/home/lxt/.cache/coursier/v1/https/repo1.maven.org/maven2/com/lihaoyi/pprint_3/0.9.0/pprint_3-0.9.0.jar:/home/lxt/.cache/coursier/v1/https/repo1.maven.org/maven2/org/scala-js/scalajs-env-nodejs_2.13/1.4.0/scalajs-env-nodejs_2.13-1.4.0.jar:/home/lxt/.cache/coursier/v1/https/repo1.maven.org/maven2/org/scala-js/scalajs-sbt-test-adapter_2.13/1.18.2/scalajs-sbt-test-adapter_2.13-1.18.2.jar:/home/lxt/.cache/coursier/v1/https/repo1.maven.org/maven2/com/swoval/file-tree-views/2.1.12/file-tree-views-2.1.12.jar:/home/lxt/.cache/coursier/v1/https/repo1.maven.org/maven2/org/virtuslab/scala-cli/zip-input-stream/zip-input-stream/0.1.2/zip-input-stream-0.1.2.jar:/home/lxt/.cache/coursier/v1/https/repo1.maven.org/maven2/org/virtuslab/scala-cli/options_3/1.7.1/options_3-1.7.1.jar:/home/lxt/.cache/coursier/v1/https/repo1.maven.org/maven2/org/virtuslab/scala-cli/directives_3/1.7.1/directives_3-1.7.1.jar:/home/lxt/.cache/coursier/v1/https/repo1.maven.org/maven2/org/virtuslab/scala-cli/scala-cli-bsp/1.7.1/scala-cli-bsp-1.7.1.jar:/home/lxt/.cache/coursier/v1/https/repo1.maven.org/maven2/org/virtuslab/scala-cli/test-runner_3/1.7.1/test-runner_3-1.7.1.jar:/home/lxt/.cache/coursier/v1/https/repo1.maven.org/maven2/org/virtuslab/scala-cli/tasty-lib_3/1.7.1/tasty-lib_3-1.7.1.jar:/home/lxt/.cache/coursier/v1/https/repo1.maven.org/maven2/io/github/alexarchambault/is-terminal/0.1.1/is-terminal-0.1.1.jar:/home/lxt/.cache/coursier/v1/https/repo1.maven.org/maven2/org/codehaus/plexus/plexus-archiver/4.10.0/plexus-archiver-4.10.0.jar:/home/lxt/.cache/coursier/v1/https/repo1.maven.org/maven2/org/codehaus/plexus/plexus-container-default/2.1.1/plexus-container-default-2.1.1.jar:/home/lxt/.cache/coursier/v1/https/repo1.maven.org/maven2/io/github/alexarchambault/windows-ansi/windows-ansi/0.0.6/windows-ansi-0.0.6.jar:/home/lxt/.cache/coursier/v1/https/repo1.maven.org/maven2/io/get-coursier/cache-util/2.1.24/cache-util-2.1.24.jar:/home/lxt/.cache/coursier/v1/https/repo1.maven.org/maven2/io/get-coursier/coursier-util_2.13/2.1.24/coursier-util_2.13-2.1.24.jar:/home/lxt/.cache/coursier/v1/https/repo1.maven.org/maven2/io/github/alexarchambault/concurrent-reference-hash-map/1.1.0/concurrent-reference-hash-map-1.1.0.jar:/home/lxt/.cache/coursier/v1/https/repo1.maven.org/maven2/org/scala-lang/modules/scala-xml_2.13/2.3.0/scala-xml_2.13-2.3.0.jar:/home/lxt/.cache/coursier/v1/https/repo1.maven.org/maven2/com/google/guava/failureaccess/1.0.2/failureaccess-1.0.2.jar:/home/lxt/.cache/coursier/v1/https/repo1.maven.org/maven2/com/google/guava/listenablefuture/9999.0-empty-to-avoid-conflict-with-guava/listenablefuture-9999.0-empty-to-avoid-conflict-with-guava.jar:/home/lxt/.cache/coursier/v1/https/repo1.maven.org/maven2/com/google/code/findbugs/jsr305/3.0.2/jsr305-3.0.2.jar:/home/lxt/.cache/coursier/v1/https/repo1.maven.org/maven2/org/checkerframework/checker-qual/3.43.0/checker-qual-3.43.0.jar:/home/lxt/.cache/coursier/v1/https/repo1.maven.org/maven2/com/google/errorprone/error_prone_annotations/2.36.0/error_prone_annotations-2.36.0.jar:/home/lxt/.cache/coursier/v1/https/repo1.maven.org/maven2/com/google/j2objc/j2objc-annotations/3.0.0/j2objc-annotations-3.0.0.jar:/home/lxt/.cache/coursier/v1/https/repo1.maven.org/maven2/org/scalameta/metaconfig-pprint_3/0.15.0/metaconfig-pprint_3-0.15.0.jar:/home/lxt/.cache/coursier/v1/https/repo1.maven.org/maven2/org/typelevel/paiges-core_3/0.4.4/paiges-core_3-0.4.4.jar:/home/lxt/.cache/coursier/v1/https/repo1.maven.org/maven2/org/scala-lang/scala-reflect/2.13.16/scala-reflect-2.13.16.jar:/home/lxt/.cache/coursier/v1/https/repo1.maven.org/maven2/com/google/cloud/tools/jib-build-plan/0.4.0/jib-build-plan-0.4.0.jar:/home/lxt/.cache/coursier/v1/https/repo1.maven.org/maven2/com/google/http-client/google-http-client/1.42.2/google-http-client-1.42.2.jar:/home/lxt/.cache/coursier/v1/https/repo1.maven.org/maven2/com/google/http-client/google-http-client-apache-v2/1.42.2/google-http-client-apache-v2-1.42.2.jar:/home/lxt/.cache/coursier/v1/https/repo1.maven.org/maven2/com/google/auth/google-auth-library-oauth2-http/1.10.0/google-auth-library-oauth2-http-1.10.0.jar:/home/lxt/.cache/coursier/v1/https/repo1.maven.org/maven2/org/apache/commons/commons-compress/1.26.2/commons-compress-1.26.2.jar:/home/lxt/.cache/coursier/v1/https/repo1.maven.org/maven2/com/fasterxml/jackson/core/jackson-databind/2.15.2/jackson-databind-2.15.2.jar:/home/lxt/.cache/coursier/v1/https/repo1.maven.org/maven2/com/fasterxml/jackson/datatype/jackson-datatype-jsr310/2.15.2/jackson-datatype-jsr310-2.15.2.jar:/home/lxt/.cache/coursier/v1/https/repo1.maven.org/maven2/org/bouncycastle/bcprov-jdk18on/1.80/bcprov-jdk18on-1.80.jar:/home/lxt/.cache/coursier/v1/https/repo1.maven.org/maven2/org/scala-lang/scala3-compiler_3/3.3.4/scala3-compiler_3-3.3.4.jar:/home/lxt/.cache/coursier/v1/https/repo1.maven.org/maven2/org/scalameta/scalameta_2.13/4.13.4/scalameta_2.13-4.13.4.jar:/home/lxt/.cache/coursier/v1/https/repo1.maven.org/maven2/org/scala-lang/scalap/2.13.13/scalap-2.13.13.jar:/home/lxt/.cache/coursier/v1/https/repo1.maven.org/maven2/com/thesamet/scalapb/scalapb-runtime_2.13/0.11.15/scalapb-runtime_2.13-0.11.15.jar:/home/lxt/.cache/coursier/v1/https/repo1.maven.org/maven2/org/scala-native/tools_3/0.5.7/tools_3-0.5.7.jar:/home/lxt/.cache/coursier/v1/https/repo1.maven.org/maven2/org/scala-sbt/test-interface/1.0/test-interface-1.0.jar:/home/lxt/.cache/coursier/v1/https/repo1.maven.org/maven2/com/github/sbt/junit-interface/0.13.3/junit-interface-0.13.3.jar:/home/lxt/.cache/coursier/v1/https/repo1.maven.org/maven2/junit/junit/4.13.2/junit-4.13.2.jar:/home/lxt/.cache/coursier/v1/https/repo1.maven.org/maven2/com/lihaoyi/geny_3/1.1.1/geny_3-1.1.1.jar:/home/lxt/.cache/coursier/v1/https/repo1.maven.org/maven2/com/lihaoyi/fansi_3/0.5.0/fansi_3-0.5.0.jar:/home/lxt/.cache/coursier/v1/https/repo1.maven.org/maven2/org/scala-js/scalajs-js-envs_2.13/1.4.0/scalajs-js-envs_2.13-1.4.0.jar:/home/lxt/.cache/coursier/v1/https/repo1.maven.org/maven2/ch/epfl/scala/bloop-config_2.13/2.3.2/bloop-config_2.13-2.3.2.jar:/home/lxt/.cache/coursier/v1/https/repo1.maven.org/maven2/org/virtuslab/scala-cli/core_3/1.7.1/core_3-1.7.1.jar:/home/lxt/.cache/coursier/v1/https/repo1.maven.org/maven2/org/virtuslab/using_directives/1.1.4/using_directives-1.1.4.jar:/home/lxt/.cache/coursier/v1/https/repo1.maven.org/maven2/org/virtuslab/scala-cli/build-macros_3/1.7.1/build-macros_3-1.7.1.jar:/home/lxt/.cache/coursier/v1/https/repo1.maven.org/maven2/ch/epfl/scala/bsp4j/2.1.1/bsp4j-2.1.1.jar:/home/lxt/.cache/coursier/v1/https/repo1.maven.org/maven2/javax/inject/javax.inject/1/javax.inject-1.jar:/home/lxt/.cache/coursier/v1/https/repo1.maven.org/maven2/org/codehaus/plexus/plexus-utils/4.0.1/plexus-utils-4.0.1.jar:/home/lxt/.cache/coursier/v1/https/repo1.maven.org/maven2/org/codehaus/plexus/plexus-io/3.5.0/plexus-io-3.5.0.jar:/home/lxt/.cache/coursier/v1/https/repo1.maven.org/maven2/io/airlift/aircompressor/0.27/aircompressor-0.27.jar:/home/lxt/.cache/coursier/v1/https/repo1.maven.org/maven2/org/tukaani/xz/1.9/xz-1.9.jar:/home/lxt/.cache/coursier/v1/https/repo1.maven.org/maven2/com/github/luben/zstd-jni/1.5.6-3/zstd-jni-1.5.6-3.jar:/home/lxt/.cache/coursier/v1/https/repo1.maven.org/maven2/org/codehaus/plexus/plexus-classworlds/2.6.0/plexus-classworlds-2.6.0.jar:/home/lxt/.cache/coursier/v1/https/repo1.maven.org/maven2/org/apache/xbean/xbean-reflect/3.7/xbean-reflect-3.7.jar:/home/lxt/.cache/coursier/v1/https/repo1.maven.org/maven2/org/fusesource/jansi/jansi/2.4.1/jansi-2.4.1.jar:/home/lxt/.cache/coursier/v1/https/repo1.maven.org/maven2/org/apache/httpcomponents/httpclient/4.5.13/httpclient-4.5.13.jar:/home/lxt/.cache/coursier/v1/https/repo1.maven.org/maven2/org/apache/httpcomponents/httpcore/4.4.15/httpcore-4.4.15.jar:/home/lxt/.cache/coursier/v1/https/repo1.maven.org/maven2/io/opencensus/opencensus-api/0.31.1/opencensus-api-0.31.1.jar:/home/lxt/.cache/coursier/v1/https/repo1.maven.org/maven2/io/opencensus/opencensus-contrib-http-util/0.31.1/opencensus-contrib-http-util-0.31.1.jar:/home/lxt/.cache/coursier/v1/https/repo1.maven.org/maven2/com/google/auto/value/auto-value-annotations/1.9/auto-value-annotations-1.9.jar:/home/lxt/.cache/coursier/v1/https/repo1.maven.org/maven2/com/google/auth/google-auth-library-credentials/1.10.0/google-auth-library-credentials-1.10.0.jar:/home/lxt/.cache/coursier/v1/https/repo1.maven.org/maven2/com/google/http-client/google-http-client-gson/1.42.2/google-http-client-gson-1.42.2.jar:/home/lxt/.cache/coursier/v1/https/repo1.maven.org/maven2/commons-codec/commons-codec/1.17.0/commons-codec-1.17.0.jar:/home/lxt/.cache/coursier/v1/https/repo1.maven.org/maven2/org/apache/commons/commons-lang3/3.14.0/commons-lang3-3.14.0.jar:/home/lxt/.cache/coursier/v1/https/repo1.maven.org/maven2/com/fasterxml/jackson/core/jackson-annotations/2.15.2/jackson-annotations-2.15.2.jar:/home/lxt/.cache/coursier/v1/https/repo1.maven.org/maven2/com/fasterxml/jackson/core/jackson-core/2.15.2/jackson-core-2.15.2.jar:/home/lxt/.cache/coursier/v1/https/repo1.maven.org/maven2/org/scala-lang/scala3-interfaces/3.3.4/scala3-interfaces-3.3.4.jar:/home/lxt/.cache/coursier/v1/https/repo1.maven.org/maven2/org/scala-lang/tasty-core_3/3.3.4/tasty-core_3-3.3.4.jar:/home/lxt/.cache/coursier/v1/https/repo1.maven.org/maven2/org/scala-lang/modules/scala-asm/9.6.0-scala-1/scala-asm-9.6.0-scala-1.jar:/home/lxt/.cache/coursier/v1/https/repo1.maven.org/maven2/org/scala-sbt/compiler-interface/1.9.6/compiler-interface-1.9.6.jar:/home/lxt/.cache/coursier/v1/https/repo1.maven.org/maven2/org/scalameta/parsers_2.13/4.13.4/parsers_2.13-4.13.4.jar:/home/lxt/.cache/coursier/v1/https/repo1.maven.org/maven2/org/scala-lang/scala-compiler/2.13.13/scala-compiler-2.13.13.jar:/home/lxt/.cache/coursier/v1/https/repo1.maven.org/maven2/com/thesamet/scalapb/lenses_2.13/0.11.15/lenses_2.13-0.11.15.jar:/home/lxt/.cache/coursier/v1/https/repo1.maven.org/maven2/com/google/protobuf/protobuf-java/3.19.6/protobuf-java-3.19.6.jar:/home/lxt/.cache/coursier/v1/https/repo1.maven.org/maven2/org/scala-native/nir_3/0.5.7/nir_3-0.5.7.jar:/home/lxt/.cache/coursier/v1/https/repo1.maven.org/maven2/org/scala-native/util_3/0.5.7/util_3-0.5.7.jar:/home/lxt/.cache/coursier/v1/https/repo1.maven.org/maven2/org/hamcrest/hamcrest-core/1.3/hamcrest-core-1.3.jar:/home/lxt/.cache/coursier/v1/https/repo1.maven.org/maven2/org/scala-js/scalajs-logging_2.13/1.1.1/scalajs-logging_2.13-1.1.1.jar:/home/lxt/.cache/coursier/v1/https/repo1.maven.org/maven2/com/lihaoyi/unroll-annotation_2.13/0.1.12/unroll-annotation_2.13-0.1.12.jar:/home/lxt/.cache/coursier/v1/https/repo1.maven.org/maven2/ch/epfl/scala/bloop-rifle_2.13/2.0.8/bloop-rifle_2.13-2.0.8.jar:/home/lxt/.cache/coursier/v1/https/repo1.maven.org/maven2/io/get-coursier/coursier-jvm_2.13/2.1.24/coursier-jvm_2.13-2.1.24.jar:/home/lxt/.cache/coursier/v1/https/repo1.maven.org/maven2/io/get-coursier/dependency_3/0.3.2/dependency_3-0.3.2.jar:/home/lxt/.cache/coursier/v1/https/repo1.maven.org/maven2/org/eclipse/jgit/org.eclipse.jgit/6.8.0.202311291450-r/org.eclipse.jgit-6.8.0.202311291450-r.jar:/home/lxt/.cache/coursier/v1/https/repo1.maven.org/maven2/org/scala-js/scalajs-env-jsdom-nodejs_2.13/1.1.0/scalajs-env-jsdom-nodejs_2.13-1.1.0.jar:/home/lxt/.cache/coursier/v1/https/repo1.maven.org/maven2/org/eclipse/lsp4j/org.eclipse.lsp4j.generator/0.20.1/org.eclipse.lsp4j.generator-0.20.1.jar:/home/lxt/.cache/coursier/v1/https/repo1.maven.org/maven2/org/eclipse/lsp4j/org.eclipse.lsp4j.jsonrpc/0.20.1/org.eclipse.lsp4j.jsonrpc-0.20.1.jar:/home/lxt/.cache/coursier/v1/https/repo1.maven.org/maven2/commons-logging/commons-logging/1.2/commons-logging-1.2.jar:/home/lxt/.cache/coursier/v1/https/repo1.maven.org/maven2/io/grpc/grpc-context/1.27.2/grpc-context-1.27.2.jar:/home/lxt/.cache/coursier/v1/https/repo1.maven.org/maven2/com/google/code/gson/gson/2.10.1/gson-2.10.1.jar:/home/lxt/.cache/coursier/v1/https/repo1.maven.org/maven2/org/scala-sbt/util-interface/1.9.8/util-interface-1.9.8.jar:/home/lxt/.cache/coursier/v1/https/repo1.maven.org/maven2/org/scalameta/trees_2.13/4.13.4/trees_2.13-4.13.4.jar:/home/lxt/.cache/coursier/v1/https/repo1.maven.org/maven2/io/github/java-diff-utils/java-diff-utils/4.12/java-diff-utils-4.12.jar:/home/lxt/.cache/coursier/v1/https/repo1.maven.org/maven2/ch/epfl/scala/libdaemon_2.13/0.0.12/libdaemon_2.13-0.0.12.jar:/home/lxt/.cache/coursier/v1/https/repo1.maven.org/maven2/io/github/alexarchambault/scala-cli/snailgun/snailgun-core_2.13/0.4.1-sc2/snailgun-core_2.13-0.4.1-sc2.jar:/home/lxt/.cache/coursier/v1/https/repo1.maven.org/maven2/io/get-coursier/coursier_2.13/2.1.24/coursier_2.13-2.1.24.jar:/home/lxt/.cache/coursier/v1/https/repo1.maven.org/maven2/io/get-coursier/coursier-env_2.13/2.1.24/coursier-env_2.13-2.1.24.jar:/home/lxt/.cache/coursier/v1/https/repo1.maven.org/maven2/com/googlecode/javaewah/JavaEWAH/1.2.3/JavaEWAH-1.2.3.jar:/home/lxt/.cache/coursier/v1/https/repo1.maven.org/maven2/org/eclipse/xtend/org.eclipse.xtend.lib/2.28.0/org.eclipse.xtend.lib-2.28.0.jar:/home/lxt/.cache/coursier/v1/https/repo1.maven.org/maven2/org/scalameta/common_2.13/4.13.4/common_2.13-4.13.4.jar:/home/lxt/.cache/coursier/v1/https/repo1.maven.org/maven2/org/scalameta/io_2.13/4.13.4/io_2.13-4.13.4.jar:/home/lxt/.cache/coursier/v1/https/repo1.maven.org/maven2/org/eclipse/xtext/org.eclipse.xtext.xbase.lib/2.28.0/org.eclipse.xtext.xbase.lib-2.28.0.jar:/home/lxt/.cache/coursier/v1/https/repo1.maven.org/maven2/org/eclipse/xtend/org.eclipse.xtend.lib.macro/2.28.0/org.eclipse.xtend.lib.macro-2.28.0.jar, scala.cli.ScalaCli, bsp, /home/lxt/ysyx-workbench/npc/chisel/cpu/src)
2025.04.28 18:04:13 INFO  tracing is disabled for protocol BSP, to enable tracing of incoming and outgoing JSON messages create an empty file at /home/lxt/ysyx-workbench/npc/chisel/cpu/src/.metals/bsp.trace.json or /home/lxt/.cache/metals/bsp.trace.json
2025.04.28 18:04:13 INFO  no build target found for /home/lxt/ysyx-workbench/npc/chisel/cpu/src/main/scala/wbu/WBU.scala. Using presentation compiler with project's scala-library version: 3.3.5
2025.04.28 18:04:13 INFO  no build target found for /home/lxt/ysyx-workbench/npc/chisel/cpu/src/main/scala/wbu/WBU.scala. Using presentation compiler with project's scala-library version: 3.3.5
2025.04.28 18:04:13 INFO  no build target found for /home/lxt/ysyx-workbench/npc/chisel/cpu/src/main/scala/wbu/WBU.scala. Using presentation compiler with project's scala-library version: 3.3.5
2025.04.28 18:04:13 INFO  no build target found for /home/lxt/ysyx-workbench/npc/chisel/cpu/src/main/scala/wbu/WBU.scala. Using presentation compiler with project's scala-library version: 3.3.5
2025.04.28 18:04:14 INFO  Scala CLI: Downloading https://repo1.maven.org/maven2/org/scala-lang/scala3-compiler_3/3.6.4/scala3-compiler_3-3.6.4.pom
2025.04.28 18:04:14 INFO  Scala CLI: Downloaded https://repo1.maven.org/maven2/org/scala-lang/scala3-compiler_3/3.6.4/scala3-compiler_3-3.6.4.pom
2025.04.28 18:04:14 INFO  Scala CLI: Downloading https://repo1.maven.org/maven2/org/scala-lang/tasty-core_3/3.6.4/tasty-core_3-3.6.4.pom
2025.04.28 18:04:14 INFO  Scala CLI: Downloading https://repo1.maven.org/maven2/org/scala-lang/scala3-library_3/3.6.4/scala3-library_3-3.6.4.pom
2025.04.28 18:04:14 INFO  Scala CLI: Downloading https://repo1.maven.org/maven2/org/scala-lang/scala3-interfaces/3.6.4/scala3-interfaces-3.6.4.pom
2025.04.28 18:04:14 INFO  Scala CLI: Downloading https://repo1.maven.org/maven2/org/scala-lang/modules/scala-asm/9.7.1-scala-1/scala-asm-9.7.1-scala-1.pom
2025.04.28 18:04:15 INFO  Scala CLI: Downloaded https://repo1.maven.org/maven2/org/scala-lang/tasty-core_3/3.6.4/tasty-core_3-3.6.4.pom
2025.04.28 18:04:15 INFO  no build target found for /home/lxt/ysyx-workbench/npc/chisel/cpu/src/main/scala/wbu/WBU.scala. Using presentation compiler with project's scala-library version: 3.3.5
2025.04.28 18:04:15 INFO  Scala CLI: Downloaded https://repo1.maven.org/maven2/org/scala-lang/scala3-library_3/3.6.4/scala3-library_3-3.6.4.pom
2025.04.28 18:04:15 INFO  Scala CLI: Downloaded https://repo1.maven.org/maven2/org/scala-lang/modules/scala-asm/9.7.1-scala-1/scala-asm-9.7.1-scala-1.pom
2025.04.28 18:04:15 INFO  Scala CLI: Downloaded https://repo1.maven.org/maven2/org/scala-lang/scala3-interfaces/3.6.4/scala3-interfaces-3.6.4.pom
2025.04.28 18:04:15 INFO  Scala CLI: Downloading https://repo1.maven.org/maven2/org/scala-lang/scala3-library_3/3.6.4/scala3-library_3-3.6.4.jar
2025.04.28 18:04:15 INFO  Scala CLI: Downloading https://repo1.maven.org/maven2/org/scala-lang/tasty-core_3/3.6.4/tasty-core_3-3.6.4.jar
2025.04.28 18:04:15 INFO  Scala CLI: Downloading https://repo1.maven.org/maven2/org/scala-lang/scala3-compiler_3/3.6.4/scala3-compiler_3-3.6.4.jar
2025.04.28 18:04:15 INFO  Scala CLI: Downloading https://repo1.maven.org/maven2/org/scala-lang/modules/scala-asm/9.7.1-scala-1/scala-asm-9.7.1-scala-1.jar
2025.04.28 18:04:15 INFO  Scala CLI: Downloading https://repo1.maven.org/maven2/org/scala-lang/scala3-interfaces/3.6.4/scala3-interfaces-3.6.4.jar
2025.04.28 18:04:15 INFO  no build target found for /home/lxt/ysyx-workbench/npc/chisel/cpu/src/main/scala/wbu/WBU.scala. Using presentation compiler with project's scala-library version: 3.3.5
2025.04.28 18:04:15 INFO  Scala CLI: Downloaded https://repo1.maven.org/maven2/org/scala-lang/scala3-interfaces/3.6.4/scala3-interfaces-3.6.4.jar
2025.04.28 18:04:16 INFO  Scala CLI: Downloaded https://repo1.maven.org/maven2/org/scala-lang/modules/scala-asm/9.7.1-scala-1/scala-asm-9.7.1-scala-1.jar
2025.04.28 18:04:16 INFO  Scala CLI: Downloaded https://repo1.maven.org/maven2/org/scala-lang/tasty-core_3/3.6.4/tasty-core_3-3.6.4.jar
2025.04.28 18:04:15 INFO  no build target found for /home/lxt/ysyx-workbench/npc/chisel/cpu/src/main/scala/wbu/WBU.scala. Using presentation compiler with project's scala-library version: 3.3.5
2025.04.28 18:04:16 INFO  no build target found for /home/lxt/ysyx-workbench/npc/chisel/cpu/src/main/scala/wbu/WBU.scala. Using presentation compiler with project's scala-library version: 3.3.5
2025.04.28 18:04:16 INFO  Scala CLI: Downloaded https://repo1.maven.org/maven2/org/scala-lang/scala3-library_3/3.6.4/scala3-library_3-3.6.4.jar
2025.04.28 18:04:16 INFO  no build target found for /home/lxt/ysyx-workbench/npc/chisel/cpu/src/main/scala/wbu/WBU.scala. Using presentation compiler with project's scala-library version: 3.3.5
2025.04.28 18:04:16 INFO  no build target found for /home/lxt/ysyx-workbench/npc/chisel/cpu/src/main/scala/wbu/WBU.scala. Using presentation compiler with project's scala-library version: 3.3.5
2025.04.28 18:04:19 INFO  Scala CLI: Downloaded https://repo1.maven.org/maven2/org/scala-lang/scala3-compiler_3/3.6.4/scala3-compiler_3-3.6.4.jar
2025.04.28 18:04:19 INFO  Scala CLI: Downloading https://repo1.maven.org/maven2/org/scala-lang/scala3-sbt-bridge/3.6.4/scala3-sbt-bridge-3.6.4.pom
2025.04.28 18:04:19 INFO  Scala CLI: Downloaded https://repo1.maven.org/maven2/org/scala-lang/scala3-sbt-bridge/3.6.4/scala3-sbt-bridge-3.6.4.pom
2025.04.28 18:04:19 INFO  Scala CLI: Downloading https://repo1.maven.org/maven2/org/scala-lang/scala3-sbt-bridge/3.6.4/scala3-sbt-bridge-3.6.4.jar
2025.04.28 18:04:19 INFO  Scala CLI: Downloaded https://repo1.maven.org/maven2/org/scala-lang/scala3-sbt-bridge/3.6.4/scala3-sbt-bridge-3.6.4.jar
2025.04.28 18:04:19 INFO  Scala CLI: Downloading https://repo1.maven.org/maven2/org/scala-lang/scala-library/2.13.15/scala-library-2.13.15-sources.jar
2025.04.28 18:04:19 INFO  Scala CLI: Downloading https://repo1.maven.org/maven2/org/scala-lang/scala3-library_3/3.6.4/scala3-library_3-3.6.4-sources.jar
2025.04.28 18:04:19 INFO  Scala CLI: Downloaded https://repo1.maven.org/maven2/org/scala-lang/scala3-library_3/3.6.4/scala3-library_3-3.6.4-sources.jar
2025.04.28 18:04:19 INFO  Scala CLI: Downloaded https://repo1.maven.org/maven2/org/scala-lang/scala-library/2.13.15/scala-library-2.13.15-sources.jar
2025.04.28 18:04:19 INFO  Scala CLI: Downloading https://repo1.maven.org/maven2/com/sourcegraph/semanticdb-javac/0.10.0/semanticdb-javac-0.10.0.pom
2025.04.28 18:04:19 INFO  no build target found for /home/lxt/ysyx-workbench/npc/chisel/cpu/src/main/scala/wbu/WBU.scala. Using presentation compiler with project's scala-library version: 3.3.5
2025.04.28 18:04:19 INFO  Scala CLI: Downloaded https://repo1.maven.org/maven2/com/sourcegraph/semanticdb-javac/0.10.0/semanticdb-javac-0.10.0.pom
2025.04.28 18:04:19 INFO  Scala CLI: Downloading https://repo1.maven.org/maven2/com/sourcegraph/semanticdb-javac/0.10.0/semanticdb-javac-0.10.0.jar
2025.04.28 18:04:19 INFO  no build target found for /home/lxt/ysyx-workbench/npc/chisel/cpu/src/main/scala/wbu/WBU.scala. Using presentation compiler with project's scala-library version: 3.3.5
2025.04.28 18:04:20 INFO  Scala CLI: Downloaded https://repo1.maven.org/maven2/com/sourcegraph/semanticdb-javac/0.10.0/semanticdb-javac-0.10.0.jar
2025.04.28 18:04:19 INFO  no build target found for /home/lxt/ysyx-workbench/npc/chisel/cpu/src/main/scala/wbu/WBU.scala. Using presentation compiler with project's scala-library version: 3.3.5
2025.04.28 18:04:20 INFO  Connected to Scala CLI server v1.7.1
2025.04.28 18:04:20 INFO  compiling src_d5c0a6989e (21 scala sources)
2025.04.28 18:04:21 WARN  Could not find java sources in /usr/lib/jvm/src.zip, /usr/lib/jvm/lib/src.zip, /usr/lib/jvm/java-18-openjdk-amd64/src.zip, /usr/lib/jvm/java-18-openjdk-amd64/lib/src.zip. Java symbols will not be available.
2025.04.28 18:04:21 WARN  Could not find java sources in /usr/lib/jvm/src.zip, /usr/lib/jvm/lib/src.zip, /usr/lib/jvm/java-18-openjdk-amd64/src.zip, /usr/lib/jvm/java-18-openjdk-amd64/lib/src.zip. Java symbols will not be available.
2025.04.28 18:04:21 INFO  time: indexed workspace in 1.04s
2025.04.28 18:04:22 INFO  time: compiled src_d5c0a6989e in 1.59s
2025.04.28 18:04:22 INFO  compiling src_d5c0a6989e (21 scala sources)
2025.04.28 18:04:22 INFO  time: compiled src_d5c0a6989e in 0.43s
2025.04.28 18:04:22 INFO  compiling src_d5c0a6989e (21 scala sources)
2025.04.28 18:04:22 INFO  time: compiled src_d5c0a6989e in 0.38s
2025.04.28 18:04:23 INFO  Scala CLI started for /home/lxt/ysyx-workbench/npc/chisel/cpu/src
2025.04.28 18:04:23 WARN  no build tool detected in workspace '/home/lxt/ysyx-workbench/npc/chisel/cpu/src'. The most common cause for this problem is that the editor was opened in the wrong working directory, for example if you use sbt then the workspace directory should contain build.sbt. 
2025.04.28 18:04:23 WARN  Build server is not auto-connectable.
Apr 28, 2025 6:04:34 PM scala.meta.internal.metals.StdReporter $anonfun$create$1
WARNING: empty definition using pc, found symbol in pc: `<none>`. (full report at: /home/lxt/ysyx-workbench/npc/chisel/cpu/src/.metals/.reports/metals-full/2025-04-28/r_empty-definition_(src_d5c0a6989e)_18-04-34-576.md)
Apr 28, 2025 6:04:40 PM org.eclipse.lsp4j.jsonrpc.RemoteEndpoint handleCancellation
WARNING: Unmatched cancel notification for request id 311
2025.04.28 18:04:59 INFO  compiling src_d5c0a6989e (21 scala sources)
2025.04.28 18:04:59 INFO  time: compiled src_d5c0a6989e in 0.28s
Apr 28, 2025 6:05:02 PM org.eclipse.lsp4j.jsonrpc.RemoteEndpoint handleCancellation
WARNING: Unmatched cancel notification for request id 428
2025.04.28 18:05:04 INFO  compiling src_d5c0a6989e (21 scala sources)
2025.04.28 18:05:04 INFO  time: compiled src_d5c0a6989e in 0.19s
Apr 28, 2025 6:05:29 PM org.eclipse.lsp4j.jsonrpc.RemoteEndpoint handleCancellation
WARNING: Unmatched cancel notification for request id 575
Apr 28, 2025 6:05:30 PM org.eclipse.lsp4j.jsonrpc.RemoteEndpoint handleCancellation
WARNING: Unmatched cancel notification for request id 595
2025.04.28 18:05:47 INFO  compiling src_d5c0a6989e (21 scala sources)
2025.04.28 18:05:47 INFO  time: compiled src_d5c0a6989e in 0.25s
Apr 28, 2025 6:06:27 PM org.eclipse.lsp4j.jsonrpc.RemoteEndpoint handleCancellation
WARNING: Unmatched cancel notification for request id 826
2025.04.28 18:06:35 INFO  compiling src_d5c0a6989e (21 scala sources)
2025.04.28 18:06:35 INFO  time: compiled src_d5c0a6989e in 0.24s
Apr 28, 2025 6:07:00 PM org.eclipse.lsp4j.jsonrpc.RemoteEndpoint handleCancellation
WARNING: Unmatched cancel notification for request id 1010
Apr 28, 2025 6:07:00 PM org.eclipse.lsp4j.jsonrpc.RemoteEndpoint handleCancellation
WARNING: Unmatched cancel notification for request id 1015
Apr 28, 2025 6:07:55 PM org.eclipse.lsp4j.jsonrpc.RemoteEndpoint handleCancellation
WARNING: Unmatched cancel notification for request id 1145
2025.04.28 18:08:14 INFO  compiling src_d5c0a6989e (21 scala sources)
Apr 28, 2025 6:08:14 PM scala.meta.internal.metals.StdReporter $anonfun$create$1
WARNING: scala.meta.internal.mtags.IndexingExceptions$InvalidSymbolException: . (full report at: /home/lxt/ysyx-workbench/npc/chisel/cpu/src/.metals/.reports/metals/2025-04-28/r_invalid-symbol_18-08-14-730.md)
2025.04.28 18:08:14 ERROR searching for `.` failed
java.lang.RuntimeException: invalid symbol format
.
^
	at scala.sys.package$.error(package.scala:27)
	at scala.meta.internal.semanticdb.Scala$DescriptorParser.fail(Scala.scala:162)
	at scala.meta.internal.semanticdb.Scala$DescriptorParser.readChar(Scala.scala:174)
	at scala.meta.internal.semanticdb.Scala$DescriptorParser.parseValue(Scala.scala:190)
	at scala.meta.internal.semanticdb.Scala$DescriptorParser.parseDescriptor(Scala.scala:209)
	at scala.meta.internal.semanticdb.Scala$DescriptorParser.entryPoint(Scala.scala:230)
	at scala.meta.internal.semanticdb.Scala$DescriptorParser$.apply(Scala.scala:238)
	at scala.meta.internal.semanticdb.Scala$ScalaSymbolOps$.owner$extension(Scala.scala:78)
	at scala.meta.internal.mtags.Symbol.toplevel(Symbol.scala:50)
	at scala.meta.internal.mtags.SymbolIndexBucket.query0(SymbolIndexBucket.scala:200)
	at scala.meta.internal.mtags.SymbolIndexBucket.query(SymbolIndexBucket.scala:177)
	at scala.meta.internal.mtags.OnDemandSymbolIndex.$anonfun$findSymbolDefinition$1(OnDemandSymbolIndex.scala:142)
	at scala.collection.immutable.List.flatMap(List.scala:294)
	at scala.meta.internal.mtags.OnDemandSymbolIndex.findSymbolDefinition(OnDemandSymbolIndex.scala:142)
	at scala.meta.internal.mtags.OnDemandSymbolIndex.definition(OnDemandSymbolIndex.scala:48)
	at scala.meta.internal.metals.FallbackDefinitionProvider.findInIndex$1(FallbackDefinitionProvider.scala:131)
	at scala.meta.internal.metals.FallbackDefinitionProvider.$anonfun$search$15(FallbackDefinitionProvider.scala:140)
	at scala.collection.immutable.List.flatMap(List.scala:294)
	at scala.meta.internal.metals.FallbackDefinitionProvider.$anonfun$search$3(FallbackDefinitionProvider.scala:140)
	at scala.Option.map(Option.scala:242)
	at scala.meta.internal.metals.FallbackDefinitionProvider.$anonfun$search$2(FallbackDefinitionProvider.scala:47)
	at scala.Option.flatMap(Option.scala:283)
	at scala.meta.internal.metals.FallbackDefinitionProvider.$anonfun$search$1(FallbackDefinitionProvider.scala:44)
	at scala.Option.flatMap(Option.scala:283)
	at scala.meta.internal.metals.FallbackDefinitionProvider.search(FallbackDefinitionProvider.scala:43)
	at scala.meta.internal.metals.DefinitionProvider.fromFallback$1(DefinitionProvider.scala:126)
	at scala.meta.internal.metals.DefinitionProvider.$anonfun$definition$9(DefinitionProvider.scala:142)
	at scala.meta.internal.metals.DefinitionProvider.$anonfun$definition$15(DefinitionProvider.scala:150)
	at scala.concurrent.impl.Promise$Transformation.run(Promise.scala:470)
	at java.util.concurrent.ThreadPoolExecutor.runWorker(ThreadPoolExecutor.java:1136)
	at java.util.concurrent.ThreadPoolExecutor$Worker.run(ThreadPoolExecutor.java:635)
	at java.lang.Thread.run(Thread.java:833)

Apr 28, 2025 6:08:14 PM scala.meta.internal.metals.StdReporter $anonfun$create$1
WARNING: scala.meta.internal.mtags.IndexingExceptions$InvalidSymbolException: # (full report at: /home/lxt/ysyx-workbench/npc/chisel/cpu/src/.metals/.reports/metals/2025-04-28/r_invalid-symbol_18-08-14-733.md)
2025.04.28 18:08:14 ERROR searching for `#` failed
java.lang.RuntimeException: invalid symbol format
#
^
	at scala.sys.package$.error(package.scala:27)
	at scala.meta.internal.semanticdb.Scala$DescriptorParser.fail(Scala.scala:162)
	at scala.meta.internal.semanticdb.Scala$DescriptorParser.readChar(Scala.scala:174)
	at scala.meta.internal.semanticdb.Scala$DescriptorParser.parseValue(Scala.scala:190)
	at scala.meta.internal.semanticdb.Scala$DescriptorParser.parseDescriptor(Scala.scala:212)
	at scala.meta.internal.semanticdb.Scala$DescriptorParser.entryPoint(Scala.scala:230)
	at scala.meta.internal.semanticdb.Scala$DescriptorParser$.apply(Scala.scala:238)
	at scala.meta.internal.semanticdb.Scala$ScalaSymbolOps$.owner$extension(Scala.scala:78)
	at scala.meta.internal.mtags.Symbol.toplevel(Symbol.scala:50)
	at scala.meta.internal.mtags.SymbolIndexBucket.query0(SymbolIndexBucket.scala:200)
	at scala.meta.internal.mtags.SymbolIndexBucket.query(SymbolIndexBucket.scala:177)
	at scala.meta.internal.mtags.OnDemandSymbolIndex.$anonfun$findSymbolDefinition$1(OnDemandSymbolIndex.scala:142)
	at scala.collection.immutable.List.flatMap(List.scala:294)
	at scala.meta.internal.mtags.OnDemandSymbolIndex.findSymbolDefinition(OnDemandSymbolIndex.scala:142)
	at scala.meta.internal.mtags.OnDemandSymbolIndex.definition(OnDemandSymbolIndex.scala:48)
	at scala.meta.internal.metals.FallbackDefinitionProvider.findInIndex$1(FallbackDefinitionProvider.scala:131)
	at scala.meta.internal.metals.FallbackDefinitionProvider.$anonfun$search$15(FallbackDefinitionProvider.scala:140)
	at scala.collection.immutable.List.flatMap(List.scala:294)
	at scala.meta.internal.metals.FallbackDefinitionProvider.$anonfun$search$3(FallbackDefinitionProvider.scala:140)
	at scala.Option.map(Option.scala:242)
	at scala.meta.internal.metals.FallbackDefinitionProvider.$anonfun$search$2(FallbackDefinitionProvider.scala:47)
	at scala.Option.flatMap(Option.scala:283)
	at scala.meta.internal.metals.FallbackDefinitionProvider.$anonfun$search$1(FallbackDefinitionProvider.scala:44)
	at scala.Option.flatMap(Option.scala:283)
	at scala.meta.internal.metals.FallbackDefinitionProvider.search(FallbackDefinitionProvider.scala:43)
	at scala.meta.internal.metals.DefinitionProvider.fromFallback$1(DefinitionProvider.scala:126)
	at scala.meta.internal.metals.DefinitionProvider.$anonfun$definition$9(DefinitionProvider.scala:142)
	at scala.meta.internal.metals.DefinitionProvider.$anonfun$definition$15(DefinitionProvider.scala:150)
	at scala.concurrent.impl.Promise$Transformation.run(Promise.scala:470)
	at java.util.concurrent.ThreadPoolExecutor.runWorker(ThreadPoolExecutor.java:1136)
	at java.util.concurrent.ThreadPoolExecutor$Worker.run(ThreadPoolExecutor.java:635)
	at java.lang.Thread.run(Thread.java:833)

Apr 28, 2025 6:08:14 PM scala.meta.internal.metals.StdReporter $anonfun$create$1
WARNING: scala.meta.internal.mtags.IndexingExceptions$InvalidSymbolException: (). (full report at: /home/lxt/ysyx-workbench/npc/chisel/cpu/src/.metals/.reports/metals/2025-04-28/r_invalid-symbol_18-08-14-734.md)
2025.04.28 18:08:14 ERROR searching for `().` failed
java.lang.RuntimeException: invalid symbol format
().
^
	at scala.sys.package$.error(package.scala:27)
	at scala.meta.internal.semanticdb.Scala$DescriptorParser.fail(Scala.scala:162)
	at scala.meta.internal.semanticdb.Scala$DescriptorParser.readChar(Scala.scala:174)
	at scala.meta.internal.semanticdb.Scala$DescriptorParser.parseValue(Scala.scala:190)
	at scala.meta.internal.semanticdb.Scala$DescriptorParser.parseDescriptor(Scala.scala:207)
	at scala.meta.internal.semanticdb.Scala$DescriptorParser.entryPoint(Scala.scala:230)
	at scala.meta.internal.semanticdb.Scala$DescriptorParser$.apply(Scala.scala:238)
	at scala.meta.internal.semanticdb.Scala$ScalaSymbolOps$.owner$extension(Scala.scala:78)
	at scala.meta.internal.mtags.Symbol.toplevel(Symbol.scala:50)
	at scala.meta.internal.mtags.SymbolIndexBucket.query0(SymbolIndexBucket.scala:200)
	at scala.meta.internal.mtags.SymbolIndexBucket.query(SymbolIndexBucket.scala:177)
	at scala.meta.internal.mtags.OnDemandSymbolIndex.$anonfun$findSymbolDefinition$1(OnDemandSymbolIndex.scala:142)
	at scala.collection.immutable.List.flatMap(List.scala:294)
	at scala.meta.internal.mtags.OnDemandSymbolIndex.findSymbolDefinition(OnDemandSymbolIndex.scala:142)
	at scala.meta.internal.mtags.OnDemandSymbolIndex.definition(OnDemandSymbolIndex.scala:48)
	at scala.meta.internal.metals.FallbackDefinitionProvider.findInIndex$1(FallbackDefinitionProvider.scala:131)
	at scala.meta.internal.metals.FallbackDefinitionProvider.$anonfun$search$15(FallbackDefinitionProvider.scala:140)
	at scala.collection.immutable.List.flatMap(List.scala:294)
	at scala.meta.internal.metals.FallbackDefinitionProvider.$anonfun$search$3(FallbackDefinitionProvider.scala:140)
	at scala.Option.map(Option.scala:242)
	at scala.meta.internal.metals.FallbackDefinitionProvider.$anonfun$search$2(FallbackDefinitionProvider.scala:47)
	at scala.Option.flatMap(Option.scala:283)
	at scala.meta.internal.metals.FallbackDefinitionProvider.$anonfun$search$1(FallbackDefinitionProvider.scala:44)
	at scala.Option.flatMap(Option.scala:283)
	at scala.meta.internal.metals.FallbackDefinitionProvider.search(FallbackDefinitionProvider.scala:43)
	at scala.meta.internal.metals.DefinitionProvider.fromFallback$1(DefinitionProvider.scala:126)
	at scala.meta.internal.metals.DefinitionProvider.$anonfun$definition$9(DefinitionProvider.scala:142)
	at scala.meta.internal.metals.DefinitionProvider.$anonfun$definition$15(DefinitionProvider.scala:150)
	at scala.concurrent.impl.Promise$Transformation.run(Promise.scala:470)
	at java.util.concurrent.ThreadPoolExecutor.runWorker(ThreadPoolExecutor.java:1136)
	at java.util.concurrent.ThreadPoolExecutor$Worker.run(ThreadPoolExecutor.java:635)
	at java.lang.Thread.run(Thread.java:833)

2025.04.28 18:08:14 WARN  Could not find 'W' using presentation compiler nor semanticdb. Trying to guess the definition using available information from local class context. 
Apr 28, 2025 6:08:14 PM scala.meta.internal.metals.StdReporter $anonfun$create$1
WARNING: empty definition using pc, found symbol in pc: `<none>`. (full report at: /home/lxt/ysyx-workbench/npc/chisel/cpu/src/.metals/.reports/metals-full/2025-04-28/r_empty-definition_(src_d5c0a6989e)_18-04-34-576.md)
2025.04.28 18:08:14 INFO  time: compiled src_d5c0a6989e in 0.23s
Apr 28, 2025 6:08:31 PM org.eclipse.lsp4j.jsonrpc.RemoteEndpoint handleCancellation
WARNING: Unmatched cancel notification for request id 1290
Apr 28, 2025 6:08:36 PM scala.meta.internal.metals.StdReporter $anonfun$create$1
WARNING: empty definition using pc, found symbol in pc: `<none>`. (full report at: /home/lxt/ysyx-workbench/npc/chisel/cpu/src/.metals/.reports/metals-full/2025-04-28/r_empty-definition_(src_d5c0a6989e)_18-04-34-576.md)
Apr 28, 2025 6:08:36 PM scala.meta.internal.metals.StdReporter $anonfun$create$1
WARNING: empty definition using pc, found symbol in pc: `<none>`. (full report at: /home/lxt/ysyx-workbench/npc/chisel/cpu/src/.metals/.reports/metals-full/2025-04-28/r_empty-definition_(src_d5c0a6989e)_18-04-34-576.md)
Apr 28, 2025 6:08:36 PM scala.meta.internal.metals.StdReporter $anonfun$create$1
WARNING: empty definition using pc, found symbol in pc: `<none>`. (full report at: /home/lxt/ysyx-workbench/npc/chisel/cpu/src/.metals/.reports/metals-full/2025-04-28/r_empty-definition_(src_d5c0a6989e)_18-04-34-576.md)
2025.04.28 18:08:36 INFO  compiling src_d5c0a6989e (21 scala sources)
2025.04.28 18:08:36 INFO  time: compiled src_d5c0a6989e in 0.15s
Apr 28, 2025 6:08:44 PM scala.meta.internal.metals.StdReporter $anonfun$create$1
WARNING: empty definition using pc, found symbol in pc: `<none>`. (full report at: /home/lxt/ysyx-workbench/npc/chisel/cpu/src/.metals/.reports/metals-full/2025-04-28/r_empty-definition_(src_d5c0a6989e)_18-04-34-576.md)
Apr 28, 2025 6:08:44 PM scala.meta.internal.metals.StdReporter $anonfun$create$1
WARNING: empty definition using pc, found symbol in pc: `<none>`. (full report at: /home/lxt/ysyx-workbench/npc/chisel/cpu/src/.metals/.reports/metals-full/2025-04-28/r_empty-definition_(src_d5c0a6989e)_18-04-34-576.md)
2025.04.28 18:08:51 INFO  compiling src_d5c0a6989e (21 scala sources)
2025.04.28 18:08:51 INFO  time: compiled src_d5c0a6989e in 0.16s
2025.04.28 20:49:06 INFO  compiling src_d5c0a6989e (21 scala sources)
2025.04.28 20:49:06 INFO  time: compiled src_d5c0a6989e in 0.21s
Apr 28, 2025 8:53:05 PM org.eclipse.lsp4j.jsonrpc.services.GenericEndpoint notify
INFO: Unsupported notification method: $/setTrace
Apr 28, 2025 8:58:41 PM org.eclipse.lsp4j.jsonrpc.services.GenericEndpoint notify
INFO: Unsupported notification method: $/setTrace
Apr 28, 2025 9:43:10 PM scala.meta.internal.metals.StdReporter $anonfun$create$1
WARNING: empty definition using pc, found symbol in pc: `<none>`. (full report at: /home/lxt/ysyx-workbench/npc/chisel/cpu/src/.metals/.reports/metals-full/2025-04-28/r_empty-definition_(src_d5c0a6989e)_18-04-34-576.md)
Apr 28, 2025 9:43:10 PM scala.meta.internal.metals.StdReporter $anonfun$create$1
WARNING: empty definition using pc, found symbol in pc: `<none>`. (full report at: /home/lxt/ysyx-workbench/npc/chisel/cpu/src/.metals/.reports/metals-full/2025-04-28/r_empty-definition_(src_d5c0a6989e)_18-04-34-576.md)
Apr 28, 2025 9:43:26 PM org.eclipse.lsp4j.jsonrpc.RemoteEndpoint handleCancellation
WARNING: Unmatched cancel notification for request id 1935
Apr 28, 2025 9:43:26 PM org.eclipse.lsp4j.jsonrpc.RemoteEndpoint handleCancellation
WARNING: Unmatched cancel notification for request id 1937
Apr 28, 2025 9:43:26 PM org.eclipse.lsp4j.jsonrpc.RemoteEndpoint handleCancellation
WARNING: Unmatched cancel notification for request id 1941
Apr 28, 2025 9:43:36 PM org.eclipse.lsp4j.jsonrpc.RemoteEndpoint handleCancellation
WARNING: Unmatched cancel notification for request id 2000
2025.04.28 21:43:36 INFO  compiling src_d5c0a6989e (21 scala sources)
2025.04.28 21:43:36 INFO  time: compiled src_d5c0a6989e in 0.19s
Apr 28, 2025 9:44:35 PM org.eclipse.lsp4j.jsonrpc.RemoteEndpoint handleCancellation
WARNING: Unmatched cancel notification for request id 2229
Apr 28, 2025 9:44:36 PM org.eclipse.lsp4j.jsonrpc.RemoteEndpoint handleCancellation
WARNING: Unmatched cancel notification for request id 2239
Apr 28, 2025 9:44:45 PM org.eclipse.lsp4j.jsonrpc.RemoteEndpoint handleCancellation
WARNING: Unmatched cancel notification for request id 2349
2025.04.28 21:44:49 INFO  compiling src_d5c0a6989e (21 scala sources)
2025.04.28 21:44:49 INFO  time: compiled src_d5c0a6989e in 0.19s
Apr 28, 2025 9:45:20 PM scala.meta.internal.metals.StdReporter $anonfun$create$1
WARNING: empty definition using pc, found symbol in pc: `<none>`. (full report at: /home/lxt/ysyx-workbench/npc/chisel/cpu/src/.metals/.reports/metals-full/2025-04-28/r_empty-definition_(src_d5c0a6989e)_18-04-34-576.md)
Apr 28, 2025 9:45:33 PM org.eclipse.lsp4j.jsonrpc.RemoteEndpoint handleCancellation
WARNING: Unmatched cancel notification for request id 2666
Apr 28, 2025 9:45:33 PM org.eclipse.lsp4j.jsonrpc.RemoteEndpoint handleCancellation
WARNING: Unmatched cancel notification for request id 2669
2025.04.28 21:45:36 INFO  compiling src_d5c0a6989e (21 scala sources)
2025.04.28 21:45:36 INFO  time: compiled src_d5c0a6989e in 0.19s
Apr 28, 2025 9:45:37 PM scala.meta.internal.metals.StdReporter $anonfun$create$1
WARNING: empty definition using pc, found symbol in pc: `<none>`. (full report at: /home/lxt/ysyx-workbench/npc/chisel/cpu/src/.metals/.reports/metals-full/2025-04-28/r_empty-definition_(src_d5c0a6989e)_18-04-34-576.md)
2025.04.28 21:46:37 INFO  compiling src_d5c0a6989e (21 scala sources)
2025.04.28 21:46:37 INFO  time: compiled src_d5c0a6989e in 0.17s
2025.04.28 21:47:26 INFO  compiling src_d5c0a6989e (21 scala sources)
2025.04.28 21:47:26 INFO  time: compiled src_d5c0a6989e in 0.18s
2025.04.28 21:47:33 INFO  compiling src_d5c0a6989e (21 scala sources)
2025.04.28 21:47:33 INFO  time: compiled src_d5c0a6989e in 0.12s
Apr 28, 2025 9:47:42 PM org.eclipse.lsp4j.jsonrpc.RemoteEndpoint handleCancellation
WARNING: Unmatched cancel notification for request id 3073
2025.04.28 21:47:48 INFO  compiling src_d5c0a6989e (21 scala sources)
2025.04.28 21:47:48 INFO  time: compiled src_d5c0a6989e in 0.14s
2025.04.28 21:47:58 INFO  compiling src_d5c0a6989e (21 scala sources)
2025.04.28 21:47:58 INFO  time: compiled src_d5c0a6989e in 0.1s
Apr 28, 2025 9:48:01 PM org.eclipse.lsp4j.jsonrpc.RemoteEndpoint handleCancellation
WARNING: Unmatched cancel notification for request id 3216
Apr 28, 2025 9:52:43 PM org.eclipse.lsp4j.jsonrpc.RemoteEndpoint handleCancellation
WARNING: Unmatched cancel notification for request id 3411
Apr 28, 2025 9:52:53 PM org.eclipse.lsp4j.jsonrpc.RemoteEndpoint handleCancellation
WARNING: Unmatched cancel notification for request id 3527
2025.04.28 21:52:59 INFO  compiling src_d5c0a6989e (21 scala sources)
2025.04.28 21:52:59 INFO  time: compiled src_d5c0a6989e in 0.19s
Apr 28, 2025 9:53:17 PM org.eclipse.lsp4j.jsonrpc.RemoteEndpoint handleCancellation
WARNING: Unmatched cancel notification for request id 3728
Apr 28, 2025 9:53:17 PM org.eclipse.lsp4j.jsonrpc.RemoteEndpoint handleCancellation
WARNING: Unmatched cancel notification for request id 3729
Apr 28, 2025 9:56:18 PM org.eclipse.lsp4j.jsonrpc.RemoteEndpoint handleCancellation
WARNING: Unmatched cancel notification for request id 4276
Apr 28, 2025 9:56:18 PM org.eclipse.lsp4j.jsonrpc.RemoteEndpoint handleCancellation
WARNING: Unmatched cancel notification for request id 4275
Apr 28, 2025 9:56:18 PM org.eclipse.lsp4j.jsonrpc.RemoteEndpoint handleCancellation
WARNING: Unmatched cancel notification for request id 4277
Apr 28, 2025 9:56:28 PM org.eclipse.lsp4j.jsonrpc.RemoteEndpoint handleCancellation
WARNING: Unmatched cancel notification for request id 4385
Apr 28, 2025 9:57:09 PM org.eclipse.lsp4j.jsonrpc.RemoteEndpoint handleCancellation
WARNING: Unmatched cancel notification for request id 4523
Apr 28, 2025 9:57:09 PM org.eclipse.lsp4j.jsonrpc.RemoteEndpoint handleCancellation
WARNING: Unmatched cancel notification for request id 4524
Apr 28, 2025 9:57:23 PM org.eclipse.lsp4j.jsonrpc.RemoteEndpoint handleCancellation
WARNING: Unmatched cancel notification for request id 4697
Apr 28, 2025 9:57:23 PM org.eclipse.lsp4j.jsonrpc.RemoteEndpoint handleCancellation
WARNING: Unmatched cancel notification for request id 4696
2025.04.28 21:57:26 INFO  compiling src_d5c0a6989e (21 scala sources)
2025.04.28 21:57:26 INFO  time: compiled src_d5c0a6989e in 0.17s
Apr 28, 2025 9:58:37 PM scala.meta.internal.metals.StdReporter $anonfun$create$1
WARNING: empty definition using pc, found symbol in pc: `<none>`. (full report at: /home/lxt/ysyx-workbench/npc/chisel/cpu/src/.metals/.reports/metals-full/2025-04-28/r_empty-definition_(src_d5c0a6989e)_18-04-34-576.md)
Apr 28, 2025 9:58:37 PM scala.meta.internal.metals.StdReporter $anonfun$create$1
WARNING: empty definition using pc, found symbol in pc: `<none>`. (full report at: /home/lxt/ysyx-workbench/npc/chisel/cpu/src/.metals/.reports/metals-full/2025-04-28/r_empty-definition_(src_d5c0a6989e)_18-04-34-576.md)
Apr 28, 2025 9:58:37 PM scala.meta.internal.metals.StdReporter $anonfun$create$1
WARNING: empty definition using pc, found symbol in pc: `<none>`. (full report at: /home/lxt/ysyx-workbench/npc/chisel/cpu/src/.metals/.reports/metals-full/2025-04-28/r_empty-definition_(src_d5c0a6989e)_18-04-34-576.md)
2025.04.28 21:58:49 INFO  compiling src_d5c0a6989e (21 scala sources)
2025.04.28 21:58:49 INFO  time: compiled src_d5c0a6989e in 0.19s
Apr 28, 2025 9:58:55 PM org.eclipse.lsp4j.jsonrpc.RemoteEndpoint handleCancellation
WARNING: Unmatched cancel notification for request id 5108
Apr 28, 2025 9:58:55 PM org.eclipse.lsp4j.jsonrpc.RemoteEndpoint handleCancellation
WARNING: Unmatched cancel notification for request id 5107
Apr 28, 2025 9:59:33 PM scala.meta.internal.metals.StdReporter $anonfun$create$1
WARNING: empty definition using pc, found symbol in pc: `<none>`. (full report at: /home/lxt/ysyx-workbench/npc/chisel/cpu/src/.metals/.reports/metals-full/2025-04-28/r_empty-definition_(src_d5c0a6989e)_18-04-34-576.md)
Apr 28, 2025 10:01:00 PM scala.meta.internal.metals.StdReporter $anonfun$create$1
WARNING: empty definition using pc, found symbol in pc: `<none>`. (full report at: /home/lxt/ysyx-workbench/npc/chisel/cpu/src/.metals/.reports/metals-full/2025-04-28/r_empty-definition_(src_d5c0a6989e)_18-04-34-576.md)
Apr 28, 2025 10:01:03 PM org.eclipse.lsp4j.jsonrpc.RemoteEndpoint handleCancellation
WARNING: Unmatched cancel notification for request id 6104
Apr 28, 2025 10:01:14 PM org.eclipse.lsp4j.jsonrpc.RemoteEndpoint handleCancellation
WARNING: Unmatched cancel notification for request id 6142
2025.04.28 22:01:16 INFO  compiling src_d5c0a6989e (21 scala sources)
2025.04.28 22:01:16 INFO  time: compiled src_d5c0a6989e in 0.17s
Apr 28, 2025 10:01:25 PM org.eclipse.lsp4j.jsonrpc.services.GenericEndpoint notify
INFO: Unsupported notification method: $/setTrace
Apr 28, 2025 10:02:31 PM scala.meta.internal.metals.StdReporter $anonfun$create$1
WARNING: empty definition using pc, found symbol in pc: `<none>`. (full report at: /home/lxt/ysyx-workbench/npc/chisel/cpu/src/.metals/.reports/metals-full/2025-04-28/r_empty-definition_(src_d5c0a6989e)_18-04-34-576.md)
2025.04.28 22:02:31 INFO  compiling src_d5c0a6989e (21 scala sources)
2025.04.28 22:02:31 INFO  time: compiled src_d5c0a6989e in 0.18s
2025.04.28 22:02:39 INFO  compiling src_d5c0a6989e (21 scala sources)
2025.04.28 22:02:39 INFO  time: compiled src_d5c0a6989e in 0.1s
2025.04.28 22:04:11 INFO  compiling src_d5c0a6989e (21 scala sources)
2025.04.28 22:04:11 INFO  time: compiled src_d5c0a6989e in 0.18s
2025.04.28 22:04:36 INFO  compiling src_d5c0a6989e (21 scala sources)
2025.04.28 22:04:36 INFO  time: compiled src_d5c0a6989e in 0.11s
2025.04.28 22:05:01 INFO  compiling src_d5c0a6989e (21 scala sources)
2025.04.28 22:05:01 INFO  time: compiled src_d5c0a6989e in 0.14s
2025.04.28 22:08:10 INFO  compiling src_d5c0a6989e (21 scala sources)
2025.04.28 22:08:10 INFO  time: compiled src_d5c0a6989e in 0.19s
2025.04.28 22:11:04 INFO  Shutting down server
2025.04.28 22:11:04 INFO  shutting down Metals
2025.04.28 22:11:04 INFO  Shut down connection with build server.
2025.04.28 22:11:04 INFO  Exiting server
2025.07.19 16:52:05 INFO  Started: Metals version 1.6.0 in folders '/home/lxt/ysyx-workbench/npc/chisel/cpu/src' for client Visual Studio Code 1.96.2.
2025.07.19 16:52:06 WARN  scala-cli >= 0.1.3 not found in PATH, fetching and starting a JVM-based Scala CLI
Jul 19, 2025 4:52:06 PM org.eclipse.lsp4j.jsonrpc.services.GenericEndpoint notify
INFO: Unsupported notification method: $/setTrace
Jul 19, 2025 4:52:14 PM org.eclipse.lsp4j.jsonrpc.services.GenericEndpoint notify
INFO: Unsupported notification method: $/setTrace
2025.07.19 16:52:16 INFO  Shutting down server
2025.07.19 16:52:16 INFO  shutting down Metals
2025.07.19 16:52:16 INFO  Exiting server
